  CCharingMissile.cpp
  CCore.cpp
  CKeyManager.cpp
  CMissile.cpp
  CMonster.cpp
  CObject.cpp
  CPlayer.cpp
  CScene.cpp
  CSceneManager.cpp
  CTimeManager.cpp
  MonsterMissile.cpp
  PathManager.cpp
C:\Users\stark\Desktop\CPP\WinApiStudy\Client\PathManager.cpp(18,33): warning C4267: '초기화 중': 'size_t'에서 'int'(으)로 변환하면서 데이터가 손실될 수 있습니다.
  Resources.cpp
  Sound.cpp
  StartScene.cpp
  Texture.cpp
  ThreeMissile.cpp
  main.cpp
  Client.vcxproj -> C:\Users\stark\Desktop\CPP\WinApiStudy\Output\bin_Debug\Client.exe
