c:\users\stark\desktop\cpp\winapistudy\client\x64\debug\client.pch
c:\users\stark\desktop\cpp\winapistudy\client\x64\debug\vc143.pdb
c:\users\stark\desktop\cpp\winapistudy\client\x64\debug\vc143.idb
c:\users\stark\desktop\cpp\winapistudy\client\x64\debug\ccore.obj
c:\users\stark\desktop\cpp\winapistudy\client\x64\debug\main.obj
c:\users\stark\desktop\cpp\winapistudy\client\x64\debug\cobject.obj
c:\users\stark\desktop\cpp\winapistudy\client\x64\debug\ckeymanager.obj
c:\users\stark\desktop\cpp\winapistudy\client\x64\debug\ctimemanager.obj
c:\users\stark\desktop\cpp\winapistudy\client\x64\debug\cscene.obj
c:\users\stark\desktop\cpp\winapistudy\client\x64\debug\startscene.obj
c:\users\stark\desktop\cpp\winapistudy\client\x64\debug\cscenemanager.obj
c:\users\stark\desktop\cpp\winapistudy\client\x64\debug\toolscene.obj
c:\users\stark\desktop\cpp\winapistudy\client\x64\debug\cplayer.obj
c:\users\stark\desktop\cpp\winapistudy\client\x64\debug\cmonster.obj
c:\users\stark\desktop\cpp\winapistudy\client\x64\debug\cmssile.obj
c:\users\stark\desktop\cpp\winapistudy\client\x64\debug\cmissile.obj
c:\users\stark\desktop\cpp\winapistudy\client\x64\debug\ccharingmissile.obj
c:\users\stark\desktop\cpp\winapistudy\client\x64\debug\threemissile.obj
c:\users\stark\desktop\cpp\winapistudy\client\x64\debug\monstermissile.obj
c:\users\stark\desktop\cpp\winapistudy\client\x64\debug\resource.obj
c:\users\stark\desktop\cpp\winapistudy\client\x64\debug\sound.obj
c:\users\stark\desktop\cpp\winapistudy\client\x64\debug\texture.obj
c:\users\stark\desktop\cpp\winapistudy\client\x64\debug\resources.obj
c:\users\stark\desktop\cpp\winapistudy\client\x64\debug\pathmanager.obj
c:\users\stark\desktop\cpp\winapistudy\client\x64\debug\resourcemanager.obj
c:\users\stark\desktop\cpp\winapistudy\client\x64\debug\collider.obj
c:\users\stark\desktop\cpp\winapistudy\client\x64\debug\selectgdi.obj
c:\users\stark\desktop\cpp\winapistudy\client\x64\debug\collidermanager.obj
c:\users\stark\desktop\cpp\winapistudy\client\x64\debug\eventmanager.obj
c:\users\stark\desktop\cpp\winapistudy\client\x64\debug\func.obj
c:\users\stark\desktop\cpp\winapistudy\client\x64\debug\animation.obj
c:\users\stark\desktop\cpp\winapistudy\client\x64\debug\animator.obj
c:\users\stark\desktop\cpp\winapistudy\client\x64\debug\cameramanager.obj
c:\users\stark\desktop\cpp\winapistudy\output\bin_debug\client.exe
c:\users\stark\desktop\cpp\winapistudy\client\x64\debug\client.ilk
c:\users\stark\desktop\cpp\winapistudy\output\bin_debug\client.pdb
c:\users\stark\desktop\cpp\winapistudy\client\x64\debug\client.res
c:\users\stark\desktop\cpp\winapistudy\client\x64\debug\cmonster.obj.enc
c:\users\stark\desktop\cpp\winapistudy\client\x64\debug\cscene.obj.enc
c:\users\stark\desktop\cpp\winapistudy\client\x64\debug\client.tlog\cl.command.1.tlog
c:\users\stark\desktop\cpp\winapistudy\client\x64\debug\client.tlog\cl.read.1.tlog
c:\users\stark\desktop\cpp\winapistudy\client\x64\debug\client.tlog\cl.write.1.tlog
c:\users\stark\desktop\cpp\winapistudy\client\x64\debug\client.tlog\link.command.1.tlog
c:\users\stark\desktop\cpp\winapistudy\client\x64\debug\client.tlog\link.read.1.tlog
c:\users\stark\desktop\cpp\winapistudy\client\x64\debug\client.tlog\link.write.1.tlog
c:\users\stark\desktop\cpp\winapistudy\client\x64\debug\client.tlog\rc.command.1.tlog
c:\users\stark\desktop\cpp\winapistudy\client\x64\debug\client.tlog\rc.read.1.tlog
c:\users\stark\desktop\cpp\winapistudy\client\x64\debug\client.tlog\rc.write.1.tlog
